[2022-10-15 20:34:38] lumen.ERROR: ErrorException: Method ReflectionParameter::getClass() is deprecated in C:\xampp\htdocs\trip-calculator\vendor\illuminate\container\Container.php:788
Stack trace:
#0 C:\xampp\htdocs\trip-calculator\vendor\illuminate\container\Container.php(788): Laravel\Lumen\Application->Laravel\Lumen\Concerns\{closure}(8192, 'Method Reflecti...', 'C:\\xampp\\htdocs...', 788)
#1 C:\xampp\htdocs\trip-calculator\vendor\illuminate\container\Container.php(757): Illuminate\Container\Container->resolveDependencies(Array)
#2 C:\xampp\htdocs\trip-calculator\vendor\illuminate\container\Container.php(608): Illuminate\Container\Container->build('Laravel\\Lumen\\C...')
#3 C:\xampp\htdocs\trip-calculator\vendor\illuminate\container\Container.php(564): Illuminate\Container\Container->resolve('Laravel\\Lumen\\C...', Array)
#4 C:\xampp\htdocs\trip-calculator\vendor\illuminate\container\Container.php(248): Illuminate\Container\Container->makeWith('Laravel\\Lumen\\C...', Array)
#5 C:\xampp\htdocs\trip-calculator\vendor\illuminate\container\Container.php(726): Illuminate\Container\Container->Illuminate\Container\{closure}(Object(Laravel\Lumen\Application), Array)
#6 C:\xampp\htdocs\trip-calculator\vendor\illuminate\container\Container.php(608): Illuminate\Container\Container->build(Object(Closure))
#7 C:\xampp\htdocs\trip-calculator\vendor\illuminate\container\Container.php(575): Illuminate\Container\Container->resolve('Illuminate\\Cont...')
#8 C:\xampp\htdocs\trip-calculator\vendor\laravel\lumen-framework\src\Application.php(208): Illuminate\Container\Container->make('Illuminate\\Cont...')
#9 C:\xampp\htdocs\trip-calculator\artisan(32): Laravel\Lumen\Application->make('Illuminate\\Cont...')
#10 {main}  
[2022-10-15 22:20:09] lumen.ERROR: ErrorException: Method ReflectionParameter::getClass() is deprecated in C:\xampp\htdocs\trip-calculator\vendor\illuminate\container\Container.php:788
Stack trace:
#0 C:\xampp\htdocs\trip-calculator\vendor\illuminate\container\Container.php(788): Laravel\Lumen\Application->Laravel\Lumen\Concerns\{closure}(8192, 'Method Reflecti...', 'C:\\xampp\\htdocs...', 788)
#1 C:\xampp\htdocs\trip-calculator\vendor\illuminate\container\Container.php(757): Illuminate\Container\Container->resolveDependencies(Array)
#2 C:\xampp\htdocs\trip-calculator\vendor\illuminate\container\Container.php(608): Illuminate\Container\Container->build('Laravel\\Lumen\\C...')
#3 C:\xampp\htdocs\trip-calculator\vendor\illuminate\container\Container.php(564): Illuminate\Container\Container->resolve('Laravel\\Lumen\\C...', Array)
#4 C:\xampp\htdocs\trip-calculator\vendor\illuminate\container\Container.php(248): Illuminate\Container\Container->makeWith('Laravel\\Lumen\\C...', Array)
#5 C:\xampp\htdocs\trip-calculator\vendor\illuminate\container\Container.php(726): Illuminate\Container\Container->Illuminate\Container\{closure}(Object(Laravel\Lumen\Application), Array)
#6 C:\xampp\htdocs\trip-calculator\vendor\illuminate\container\Container.php(608): Illuminate\Container\Container->build(Object(Closure))
#7 C:\xampp\htdocs\trip-calculator\vendor\illuminate\container\Container.php(575): Illuminate\Container\Container->resolve('Illuminate\\Cont...')
#8 C:\xampp\htdocs\trip-calculator\vendor\laravel\lumen-framework\src\Application.php(208): Illuminate\Container\Container->make('Illuminate\\Cont...')
#9 C:\xampp\htdocs\trip-calculator\artisan(32): Laravel\Lumen\Application->make('Illuminate\\Cont...')
#10 {main}  
[2022-10-15 22:36:05] lumen.ERROR: Symfony\Component\Debug\Exception\FatalThrowableError: Class 'Memcached' not found in C:\xampp\htdocs\trip-calculator\vendor\illuminate\cache\MemcachedConnector.php:69
Stack trace:
#0 C:\xampp\htdocs\trip-calculator\vendor\illuminate\cache\MemcachedConnector.php(48): Illuminate\Cache\MemcachedConnector->createMemcachedInstance(NULL)
#1 C:\xampp\htdocs\trip-calculator\vendor\illuminate\cache\MemcachedConnector.php(21): Illuminate\Cache\MemcachedConnector->getMemcached(NULL, Array, Array)
#2 C:\xampp\htdocs\trip-calculator\vendor\illuminate\cache\CacheManager.php(169): Illuminate\Cache\MemcachedConnector->connect(Array, NULL, Array, Array)
#3 C:\xampp\htdocs\trip-calculator\vendor\illuminate\cache\CacheManager.php(103): Illuminate\Cache\CacheManager->createMemcachedDriver(Array)
#4 C:\xampp\htdocs\trip-calculator\vendor\illuminate\cache\CacheManager.php(78): Illuminate\Cache\CacheManager->resolve('memcached')
#5 C:\xampp\htdocs\trip-calculator\vendor\illuminate\cache\CacheManager.php(56): Illuminate\Cache\CacheManager->get('memcached')
#6 C:\xampp\htdocs\trip-calculator\vendor\illuminate\cache\CacheManager.php(67): Illuminate\Cache\CacheManager->store('memcached')
#7 C:\xampp\htdocs\trip-calculator\vendor\illuminate\cache\CacheServiceProvider.php(28): Illuminate\Cache\CacheManager->driver()
#8 C:\xampp\htdocs\trip-calculator\vendor\illuminate\container\Container.php(726): Illuminate\Cache\CacheServiceProvider->Illuminate\Cache\{closure}(Object(Laravel\Lumen\Application), Array)
#9 C:\xampp\htdocs\trip-calculator\vendor\illuminate\container\Container.php(608): Illuminate\Container\Container->build(Object(Closure))
#10 C:\xampp\htdocs\trip-calculator\vendor\illuminate\container\Container.php(575): Illuminate\Container\Container->resolve('cache.store')
#11 C:\xampp\htdocs\trip-calculator\vendor\laravel\lumen-framework\src\Application.php(208): Illuminate\Container\Container->make('cache.store')
#12 C:\xampp\htdocs\trip-calculator\vendor\illuminate\container\Container.php(1172): Laravel\Lumen\Application->make('cache.store')
#13 C:\xampp\htdocs\trip-calculator\vendor\laravel\lumen-framework\src\Console\Kernel.php(68): Illuminate\Container\Container->offsetGet('Illuminate\\Cont...')
#14 C:\xampp\htdocs\trip-calculator\vendor\laravel\lumen-framework\src\Console\Kernel.php(57): Laravel\Lumen\Console\Kernel->defineConsoleSchedule()
#15 [internal function]: Laravel\Lumen\Console\Kernel->__construct(Object(Laravel\Lumen\Application))
#16 C:\xampp\htdocs\trip-calculator\vendor\illuminate\container\Container.php(762): ReflectionClass->newInstanceArgs(Array)
#17 C:\xampp\htdocs\trip-calculator\vendor\illuminate\container\Container.php(608): Illuminate\Container\Container->build('Laravel\\Lumen\\C...')
#18 C:\xampp\htdocs\trip-calculator\vendor\illuminate\container\Container.php(564): Illuminate\Container\Container->resolve('Laravel\\Lumen\\C...', Array)
#19 C:\xampp\htdocs\trip-calculator\vendor\illuminate\container\Container.php(248): Illuminate\Container\Container->makeWith('Laravel\\Lumen\\C...', Array)
#20 C:\xampp\htdocs\trip-calculator\vendor\illuminate\container\Container.php(726): Illuminate\Container\Container->Illuminate\Container\{closure}(Object(Laravel\Lumen\Application), Array)
#21 C:\xampp\htdocs\trip-calculator\vendor\illuminate\container\Container.php(608): Illuminate\Container\Container->build(Object(Closure))
#22 C:\xampp\htdocs\trip-calculator\vendor\illuminate\container\Container.php(575): Illuminate\Container\Container->resolve('Illuminate\\Cont...')
#23 C:\xampp\htdocs\trip-calculator\vendor\laravel\lumen-framework\src\Application.php(208): Illuminate\Container\Container->make('Illuminate\\Cont...')
#24 C:\xampp\htdocs\trip-calculator\artisan(32): Laravel\Lumen\Application->make('Illuminate\\Cont...')
#25 {main}  
[2022-10-15 22:36:53] lumen.ERROR: Symfony\Component\Debug\Exception\FatalThrowableError: Class 'Memcached' not found in C:\xampp\htdocs\trip-calculator\vendor\illuminate\cache\MemcachedConnector.php:69
Stack trace:
#0 C:\xampp\htdocs\trip-calculator\vendor\illuminate\cache\MemcachedConnector.php(48): Illuminate\Cache\MemcachedConnector->createMemcachedInstance(NULL)
#1 C:\xampp\htdocs\trip-calculator\vendor\illuminate\cache\MemcachedConnector.php(21): Illuminate\Cache\MemcachedConnector->getMemcached(NULL, Array, Array)
#2 C:\xampp\htdocs\trip-calculator\vendor\illuminate\cache\CacheManager.php(169): Illuminate\Cache\MemcachedConnector->connect(Array, NULL, Array, Array)
#3 C:\xampp\htdocs\trip-calculator\vendor\illuminate\cache\CacheManager.php(103): Illuminate\Cache\CacheManager->createMemcachedDriver(Array)
#4 C:\xampp\htdocs\trip-calculator\vendor\illuminate\cache\CacheManager.php(78): Illuminate\Cache\CacheManager->resolve('memcached')
#5 C:\xampp\htdocs\trip-calculator\vendor\illuminate\cache\CacheManager.php(56): Illuminate\Cache\CacheManager->get('memcached')
#6 C:\xampp\htdocs\trip-calculator\vendor\illuminate\cache\CacheManager.php(67): Illuminate\Cache\CacheManager->store('memcached')
#7 C:\xampp\htdocs\trip-calculator\vendor\illuminate\cache\CacheServiceProvider.php(28): Illuminate\Cache\CacheManager->driver()
#8 C:\xampp\htdocs\trip-calculator\vendor\illuminate\container\Container.php(726): Illuminate\Cache\CacheServiceProvider->Illuminate\Cache\{closure}(Object(Laravel\Lumen\Application), Array)
#9 C:\xampp\htdocs\trip-calculator\vendor\illuminate\container\Container.php(608): Illuminate\Container\Container->build(Object(Closure))
#10 C:\xampp\htdocs\trip-calculator\vendor\illuminate\container\Container.php(575): Illuminate\Container\Container->resolve('cache.store')
#11 C:\xampp\htdocs\trip-calculator\vendor\laravel\lumen-framework\src\Application.php(208): Illuminate\Container\Container->make('cache.store')
#12 C:\xampp\htdocs\trip-calculator\vendor\illuminate\container\Container.php(1172): Laravel\Lumen\Application->make('cache.store')
#13 C:\xampp\htdocs\trip-calculator\vendor\laravel\lumen-framework\src\Console\Kernel.php(68): Illuminate\Container\Container->offsetGet('Illuminate\\Cont...')
#14 C:\xampp\htdocs\trip-calculator\vendor\laravel\lumen-framework\src\Console\Kernel.php(57): Laravel\Lumen\Console\Kernel->defineConsoleSchedule()
#15 [internal function]: Laravel\Lumen\Console\Kernel->__construct(Object(Laravel\Lumen\Application))
#16 C:\xampp\htdocs\trip-calculator\vendor\illuminate\container\Container.php(762): ReflectionClass->newInstanceArgs(Array)
#17 C:\xampp\htdocs\trip-calculator\vendor\illuminate\container\Container.php(608): Illuminate\Container\Container->build('Laravel\\Lumen\\C...')
#18 C:\xampp\htdocs\trip-calculator\vendor\illuminate\container\Container.php(564): Illuminate\Container\Container->resolve('Laravel\\Lumen\\C...', Array)
#19 C:\xampp\htdocs\trip-calculator\vendor\illuminate\container\Container.php(248): Illuminate\Container\Container->makeWith('Laravel\\Lumen\\C...', Array)
#20 C:\xampp\htdocs\trip-calculator\vendor\illuminate\container\Container.php(726): Illuminate\Container\Container->Illuminate\Container\{closure}(Object(Laravel\Lumen\Application), Array)
#21 C:\xampp\htdocs\trip-calculator\vendor\illuminate\container\Container.php(608): Illuminate\Container\Container->build(Object(Closure))
#22 C:\xampp\htdocs\trip-calculator\vendor\illuminate\container\Container.php(575): Illuminate\Container\Container->resolve('Illuminate\\Cont...')
#23 C:\xampp\htdocs\trip-calculator\vendor\laravel\lumen-framework\src\Application.php(208): Illuminate\Container\Container->make('Illuminate\\Cont...')
#24 C:\xampp\htdocs\trip-calculator\artisan(32): Laravel\Lumen\Application->make('Illuminate\\Cont...')
#25 {main}  
[2022-10-18 11:10:27] lumen.ERROR: Symfony\Component\Debug\Exception\FatalThrowableError: Class 'Memcached' not found in C:\xampp\htdocs\trip-calculator\vendor\illuminate\cache\MemcachedConnector.php:69
Stack trace:
#0 C:\xampp\htdocs\trip-calculator\vendor\illuminate\cache\MemcachedConnector.php(48): Illuminate\Cache\MemcachedConnector->createMemcachedInstance(NULL)
#1 C:\xampp\htdocs\trip-calculator\vendor\illuminate\cache\MemcachedConnector.php(21): Illuminate\Cache\MemcachedConnector->getMemcached(NULL, Array, Array)
#2 C:\xampp\htdocs\trip-calculator\vendor\illuminate\cache\CacheManager.php(169): Illuminate\Cache\MemcachedConnector->connect(Array, NULL, Array, Array)
#3 C:\xampp\htdocs\trip-calculator\vendor\illuminate\cache\CacheManager.php(103): Illuminate\Cache\CacheManager->createMemcachedDriver(Array)
#4 C:\xampp\htdocs\trip-calculator\vendor\illuminate\cache\CacheManager.php(78): Illuminate\Cache\CacheManager->resolve('memcached')
#5 C:\xampp\htdocs\trip-calculator\vendor\illuminate\cache\CacheManager.php(56): Illuminate\Cache\CacheManager->get('memcached')
#6 C:\xampp\htdocs\trip-calculator\vendor\illuminate\cache\CacheManager.php(67): Illuminate\Cache\CacheManager->store('memcached')
#7 C:\xampp\htdocs\trip-calculator\vendor\illuminate\cache\CacheServiceProvider.php(28): Illuminate\Cache\CacheManager->driver()
#8 C:\xampp\htdocs\trip-calculator\vendor\illuminate\container\Container.php(726): Illuminate\Cache\CacheServiceProvider->Illuminate\Cache\{closure}(Object(Laravel\Lumen\Application), Array)
#9 C:\xampp\htdocs\trip-calculator\vendor\illuminate\container\Container.php(608): Illuminate\Container\Container->build(Object(Closure))
#10 C:\xampp\htdocs\trip-calculator\vendor\illuminate\container\Container.php(575): Illuminate\Container\Container->resolve('cache.store')
#11 C:\xampp\htdocs\trip-calculator\vendor\laravel\lumen-framework\src\Application.php(208): Illuminate\Container\Container->make('cache.store')
#12 C:\xampp\htdocs\trip-calculator\vendor\illuminate\container\Container.php(1172): Laravel\Lumen\Application->make('cache.store')
#13 C:\xampp\htdocs\trip-calculator\vendor\laravel\lumen-framework\src\Console\Kernel.php(68): Illuminate\Container\Container->offsetGet('Illuminate\\Cont...')
#14 C:\xampp\htdocs\trip-calculator\vendor\laravel\lumen-framework\src\Console\Kernel.php(57): Laravel\Lumen\Console\Kernel->defineConsoleSchedule()
#15 [internal function]: Laravel\Lumen\Console\Kernel->__construct(Object(Laravel\Lumen\Application))
#16 C:\xampp\htdocs\trip-calculator\vendor\illuminate\container\Container.php(762): ReflectionClass->newInstanceArgs(Array)
#17 C:\xampp\htdocs\trip-calculator\vendor\illuminate\container\Container.php(608): Illuminate\Container\Container->build('Laravel\\Lumen\\C...')
#18 C:\xampp\htdocs\trip-calculator\vendor\illuminate\container\Container.php(564): Illuminate\Container\Container->resolve('Laravel\\Lumen\\C...', Array)
#19 C:\xampp\htdocs\trip-calculator\vendor\illuminate\container\Container.php(248): Illuminate\Container\Container->makeWith('Laravel\\Lumen\\C...', Array)
#20 C:\xampp\htdocs\trip-calculator\vendor\illuminate\container\Container.php(726): Illuminate\Container\Container->Illuminate\Container\{closure}(Object(Laravel\Lumen\Application), Array)
#21 C:\xampp\htdocs\trip-calculator\vendor\illuminate\container\Container.php(608): Illuminate\Container\Container->build(Object(Closure))
#22 C:\xampp\htdocs\trip-calculator\vendor\illuminate\container\Container.php(575): Illuminate\Container\Container->resolve('Illuminate\\Cont...')
#23 C:\xampp\htdocs\trip-calculator\vendor\laravel\lumen-framework\src\Application.php(208): Illuminate\Container\Container->make('Illuminate\\Cont...')
#24 C:\xampp\htdocs\trip-calculator\artisan(32): Laravel\Lumen\Application->make('Illuminate\\Cont...')
#25 {main}  
[2022-10-18 11:11:51] lumen.ERROR: Symfony\Component\Debug\Exception\FatalThrowableError: Class 'Memcached' not found in C:\xampp\htdocs\trip-calculator\vendor\illuminate\cache\MemcachedConnector.php:69
Stack trace:
#0 C:\xampp\htdocs\trip-calculator\vendor\illuminate\cache\MemcachedConnector.php(48): Illuminate\Cache\MemcachedConnector->createMemcachedInstance(NULL)
#1 C:\xampp\htdocs\trip-calculator\vendor\illuminate\cache\MemcachedConnector.php(21): Illuminate\Cache\MemcachedConnector->getMemcached(NULL, Array, Array)
#2 C:\xampp\htdocs\trip-calculator\vendor\illuminate\cache\CacheManager.php(169): Illuminate\Cache\MemcachedConnector->connect(Array, NULL, Array, Array)
#3 C:\xampp\htdocs\trip-calculator\vendor\illuminate\cache\CacheManager.php(103): Illuminate\Cache\CacheManager->createMemcachedDriver(Array)
#4 C:\xampp\htdocs\trip-calculator\vendor\illuminate\cache\CacheManager.php(78): Illuminate\Cache\CacheManager->resolve('memcached')
#5 C:\xampp\htdocs\trip-calculator\vendor\illuminate\cache\CacheManager.php(56): Illuminate\Cache\CacheManager->get('memcached')
#6 C:\xampp\htdocs\trip-calculator\vendor\illuminate\cache\CacheManager.php(67): Illuminate\Cache\CacheManager->store('memcached')
#7 C:\xampp\htdocs\trip-calculator\vendor\illuminate\cache\CacheServiceProvider.php(28): Illuminate\Cache\CacheManager->driver()
#8 C:\xampp\htdocs\trip-calculator\vendor\illuminate\container\Container.php(726): Illuminate\Cache\CacheServiceProvider->Illuminate\Cache\{closure}(Object(Laravel\Lumen\Application), Array)
#9 C:\xampp\htdocs\trip-calculator\vendor\illuminate\container\Container.php(608): Illuminate\Container\Container->build(Object(Closure))
#10 C:\xampp\htdocs\trip-calculator\vendor\illuminate\container\Container.php(575): Illuminate\Container\Container->resolve('cache.store')
#11 C:\xampp\htdocs\trip-calculator\vendor\laravel\lumen-framework\src\Application.php(208): Illuminate\Container\Container->make('cache.store')
#12 C:\xampp\htdocs\trip-calculator\vendor\illuminate\container\Container.php(1172): Laravel\Lumen\Application->make('cache.store')
#13 C:\xampp\htdocs\trip-calculator\vendor\laravel\lumen-framework\src\Console\Kernel.php(68): Illuminate\Container\Container->offsetGet('Illuminate\\Cont...')
#14 C:\xampp\htdocs\trip-calculator\vendor\laravel\lumen-framework\src\Console\Kernel.php(57): Laravel\Lumen\Console\Kernel->defineConsoleSchedule()
#15 [internal function]: Laravel\Lumen\Console\Kernel->__construct(Object(Laravel\Lumen\Application))
#16 C:\xampp\htdocs\trip-calculator\vendor\illuminate\container\Container.php(762): ReflectionClass->newInstanceArgs(Array)
#17 C:\xampp\htdocs\trip-calculator\vendor\illuminate\container\Container.php(608): Illuminate\Container\Container->build('Laravel\\Lumen\\C...')
#18 C:\xampp\htdocs\trip-calculator\vendor\illuminate\container\Container.php(564): Illuminate\Container\Container->resolve('Laravel\\Lumen\\C...', Array)
#19 C:\xampp\htdocs\trip-calculator\vendor\illuminate\container\Container.php(248): Illuminate\Container\Container->makeWith('Laravel\\Lumen\\C...', Array)
#20 C:\xampp\htdocs\trip-calculator\vendor\illuminate\container\Container.php(726): Illuminate\Container\Container->Illuminate\Container\{closure}(Object(Laravel\Lumen\Application), Array)
#21 C:\xampp\htdocs\trip-calculator\vendor\illuminate\container\Container.php(608): Illuminate\Container\Container->build(Object(Closure))
#22 C:\xampp\htdocs\trip-calculator\vendor\illuminate\container\Container.php(575): Illuminate\Container\Container->resolve('Illuminate\\Cont...')
#23 C:\xampp\htdocs\trip-calculator\vendor\laravel\lumen-framework\src\Application.php(208): Illuminate\Container\Container->make('Illuminate\\Cont...')
#24 C:\xampp\htdocs\trip-calculator\artisan(32): Laravel\Lumen\Application->make('Illuminate\\Cont...')
#25 {main}  
[2022-10-18 11:12:32] lumen.ERROR: Symfony\Component\Debug\Exception\FatalThrowableError: Class 'Memcached' not found in C:\xampp\htdocs\trip-calculator\vendor\illuminate\cache\MemcachedConnector.php:69
Stack trace:
#0 C:\xampp\htdocs\trip-calculator\vendor\illuminate\cache\MemcachedConnector.php(48): Illuminate\Cache\MemcachedConnector->createMemcachedInstance(NULL)
#1 C:\xampp\htdocs\trip-calculator\vendor\illuminate\cache\MemcachedConnector.php(21): Illuminate\Cache\MemcachedConnector->getMemcached(NULL, Array, Array)
#2 C:\xampp\htdocs\trip-calculator\vendor\illuminate\cache\CacheManager.php(169): Illuminate\Cache\MemcachedConnector->connect(Array, NULL, Array, Array)
#3 C:\xampp\htdocs\trip-calculator\vendor\illuminate\cache\CacheManager.php(103): Illuminate\Cache\CacheManager->createMemcachedDriver(Array)
#4 C:\xampp\htdocs\trip-calculator\vendor\illuminate\cache\CacheManager.php(78): Illuminate\Cache\CacheManager->resolve('memcached')
#5 C:\xampp\htdocs\trip-calculator\vendor\illuminate\cache\CacheManager.php(56): Illuminate\Cache\CacheManager->get('memcached')
#6 C:\xampp\htdocs\trip-calculator\vendor\illuminate\cache\CacheManager.php(67): Illuminate\Cache\CacheManager->store('memcached')
#7 C:\xampp\htdocs\trip-calculator\vendor\illuminate\cache\CacheServiceProvider.php(28): Illuminate\Cache\CacheManager->driver()
#8 C:\xampp\htdocs\trip-calculator\vendor\illuminate\container\Container.php(726): Illuminate\Cache\CacheServiceProvider->Illuminate\Cache\{closure}(Object(Laravel\Lumen\Application), Array)
#9 C:\xampp\htdocs\trip-calculator\vendor\illuminate\container\Container.php(608): Illuminate\Container\Container->build(Object(Closure))
#10 C:\xampp\htdocs\trip-calculator\vendor\illuminate\container\Container.php(575): Illuminate\Container\Container->resolve('cache.store')
#11 C:\xampp\htdocs\trip-calculator\vendor\laravel\lumen-framework\src\Application.php(208): Illuminate\Container\Container->make('cache.store')
#12 C:\xampp\htdocs\trip-calculator\vendor\illuminate\container\Container.php(1172): Laravel\Lumen\Application->make('cache.store')
#13 C:\xampp\htdocs\trip-calculator\vendor\laravel\lumen-framework\src\Console\Kernel.php(68): Illuminate\Container\Container->offsetGet('Illuminate\\Cont...')
#14 C:\xampp\htdocs\trip-calculator\vendor\laravel\lumen-framework\src\Console\Kernel.php(57): Laravel\Lumen\Console\Kernel->defineConsoleSchedule()
#15 [internal function]: Laravel\Lumen\Console\Kernel->__construct(Object(Laravel\Lumen\Application))
#16 C:\xampp\htdocs\trip-calculator\vendor\illuminate\container\Container.php(762): ReflectionClass->newInstanceArgs(Array)
#17 C:\xampp\htdocs\trip-calculator\vendor\illuminate\container\Container.php(608): Illuminate\Container\Container->build('Laravel\\Lumen\\C...')
#18 C:\xampp\htdocs\trip-calculator\vendor\illuminate\container\Container.php(564): Illuminate\Container\Container->resolve('Laravel\\Lumen\\C...', Array)
#19 C:\xampp\htdocs\trip-calculator\vendor\illuminate\container\Container.php(248): Illuminate\Container\Container->makeWith('Laravel\\Lumen\\C...', Array)
#20 C:\xampp\htdocs\trip-calculator\vendor\illuminate\container\Container.php(726): Illuminate\Container\Container->Illuminate\Container\{closure}(Object(Laravel\Lumen\Application), Array)
#21 C:\xampp\htdocs\trip-calculator\vendor\illuminate\container\Container.php(608): Illuminate\Container\Container->build(Object(Closure))
#22 C:\xampp\htdocs\trip-calculator\vendor\illuminate\container\Container.php(575): Illuminate\Container\Container->resolve('Illuminate\\Cont...')
#23 C:\xampp\htdocs\trip-calculator\vendor\laravel\lumen-framework\src\Application.php(208): Illuminate\Container\Container->make('Illuminate\\Cont...')
#24 C:\xampp\htdocs\trip-calculator\artisan(32): Laravel\Lumen\Application->make('Illuminate\\Cont...')
#25 {main}  
[2022-10-18 11:12:56] lumen.ERROR: Symfony\Component\Debug\Exception\FatalThrowableError: Class 'Memcached' not found in C:\xampp\htdocs\trip-calculator\vendor\illuminate\cache\MemcachedConnector.php:69
Stack trace:
#0 C:\xampp\htdocs\trip-calculator\vendor\illuminate\cache\MemcachedConnector.php(48): Illuminate\Cache\MemcachedConnector->createMemcachedInstance(NULL)
#1 C:\xampp\htdocs\trip-calculator\vendor\illuminate\cache\MemcachedConnector.php(21): Illuminate\Cache\MemcachedConnector->getMemcached(NULL, Array, Array)
#2 C:\xampp\htdocs\trip-calculator\vendor\illuminate\cache\CacheManager.php(169): Illuminate\Cache\MemcachedConnector->connect(Array, NULL, Array, Array)
#3 C:\xampp\htdocs\trip-calculator\vendor\illuminate\cache\CacheManager.php(103): Illuminate\Cache\CacheManager->createMemcachedDriver(Array)
#4 C:\xampp\htdocs\trip-calculator\vendor\illuminate\cache\CacheManager.php(78): Illuminate\Cache\CacheManager->resolve('memcached')
#5 C:\xampp\htdocs\trip-calculator\vendor\illuminate\cache\CacheManager.php(56): Illuminate\Cache\CacheManager->get('memcached')
#6 C:\xampp\htdocs\trip-calculator\vendor\illuminate\cache\CacheManager.php(67): Illuminate\Cache\CacheManager->store('memcached')
#7 C:\xampp\htdocs\trip-calculator\vendor\illuminate\cache\CacheServiceProvider.php(28): Illuminate\Cache\CacheManager->driver()
#8 C:\xampp\htdocs\trip-calculator\vendor\illuminate\container\Container.php(726): Illuminate\Cache\CacheServiceProvider->Illuminate\Cache\{closure}(Object(Laravel\Lumen\Application), Array)
#9 C:\xampp\htdocs\trip-calculator\vendor\illuminate\container\Container.php(608): Illuminate\Container\Container->build(Object(Closure))
#10 C:\xampp\htdocs\trip-calculator\vendor\illuminate\container\Container.php(575): Illuminate\Container\Container->resolve('cache.store')
#11 C:\xampp\htdocs\trip-calculator\vendor\laravel\lumen-framework\src\Application.php(208): Illuminate\Container\Container->make('cache.store')
#12 C:\xampp\htdocs\trip-calculator\vendor\illuminate\container\Container.php(1172): Laravel\Lumen\Application->make('cache.store')
#13 C:\xampp\htdocs\trip-calculator\vendor\laravel\lumen-framework\src\Console\Kernel.php(68): Illuminate\Container\Container->offsetGet('Illuminate\\Cont...')
#14 C:\xampp\htdocs\trip-calculator\vendor\laravel\lumen-framework\src\Console\Kernel.php(57): Laravel\Lumen\Console\Kernel->defineConsoleSchedule()
#15 [internal function]: Laravel\Lumen\Console\Kernel->__construct(Object(Laravel\Lumen\Application))
#16 C:\xampp\htdocs\trip-calculator\vendor\illuminate\container\Container.php(762): ReflectionClass->newInstanceArgs(Array)
#17 C:\xampp\htdocs\trip-calculator\vendor\illuminate\container\Container.php(608): Illuminate\Container\Container->build('Laravel\\Lumen\\C...')
#18 C:\xampp\htdocs\trip-calculator\vendor\illuminate\container\Container.php(564): Illuminate\Container\Container->resolve('Laravel\\Lumen\\C...', Array)
#19 C:\xampp\htdocs\trip-calculator\vendor\illuminate\container\Container.php(248): Illuminate\Container\Container->makeWith('Laravel\\Lumen\\C...', Array)
#20 C:\xampp\htdocs\trip-calculator\vendor\illuminate\container\Container.php(726): Illuminate\Container\Container->Illuminate\Container\{closure}(Object(Laravel\Lumen\Application), Array)
#21 C:\xampp\htdocs\trip-calculator\vendor\illuminate\container\Container.php(608): Illuminate\Container\Container->build(Object(Closure))
#22 C:\xampp\htdocs\trip-calculator\vendor\illuminate\container\Container.php(575): Illuminate\Container\Container->resolve('Illuminate\\Cont...')
#23 C:\xampp\htdocs\trip-calculator\vendor\laravel\lumen-framework\src\Application.php(208): Illuminate\Container\Container->make('Illuminate\\Cont...')
#24 C:\xampp\htdocs\trip-calculator\artisan(32): Laravel\Lumen\Application->make('Illuminate\\Cont...')
#25 {main}  
[2022-10-18 11:13:12] lumen.ERROR: Symfony\Component\Debug\Exception\FatalThrowableError: Class 'Memcached' not found in C:\xampp\htdocs\trip-calculator\vendor\illuminate\cache\MemcachedConnector.php:69
Stack trace:
#0 C:\xampp\htdocs\trip-calculator\vendor\illuminate\cache\MemcachedConnector.php(48): Illuminate\Cache\MemcachedConnector->createMemcachedInstance(NULL)
#1 C:\xampp\htdocs\trip-calculator\vendor\illuminate\cache\MemcachedConnector.php(21): Illuminate\Cache\MemcachedConnector->getMemcached(NULL, Array, Array)
#2 C:\xampp\htdocs\trip-calculator\vendor\illuminate\cache\CacheManager.php(169): Illuminate\Cache\MemcachedConnector->connect(Array, NULL, Array, Array)
#3 C:\xampp\htdocs\trip-calculator\vendor\illuminate\cache\CacheManager.php(103): Illuminate\Cache\CacheManager->createMemcachedDriver(Array)
#4 C:\xampp\htdocs\trip-calculator\vendor\illuminate\cache\CacheManager.php(78): Illuminate\Cache\CacheManager->resolve('memcached')
#5 C:\xampp\htdocs\trip-calculator\vendor\illuminate\cache\CacheManager.php(56): Illuminate\Cache\CacheManager->get('memcached')
#6 C:\xampp\htdocs\trip-calculator\vendor\illuminate\cache\CacheManager.php(67): Illuminate\Cache\CacheManager->store('memcached')
#7 C:\xampp\htdocs\trip-calculator\vendor\illuminate\cache\CacheServiceProvider.php(28): Illuminate\Cache\CacheManager->driver()
#8 C:\xampp\htdocs\trip-calculator\vendor\illuminate\container\Container.php(726): Illuminate\Cache\CacheServiceProvider->Illuminate\Cache\{closure}(Object(Laravel\Lumen\Application), Array)
#9 C:\xampp\htdocs\trip-calculator\vendor\illuminate\container\Container.php(608): Illuminate\Container\Container->build(Object(Closure))
#10 C:\xampp\htdocs\trip-calculator\vendor\illuminate\container\Container.php(575): Illuminate\Container\Container->resolve('cache.store')
#11 C:\xampp\htdocs\trip-calculator\vendor\laravel\lumen-framework\src\Application.php(208): Illuminate\Container\Container->make('cache.store')
#12 C:\xampp\htdocs\trip-calculator\vendor\illuminate\container\Container.php(1172): Laravel\Lumen\Application->make('cache.store')
#13 C:\xampp\htdocs\trip-calculator\vendor\laravel\lumen-framework\src\Console\Kernel.php(68): Illuminate\Container\Container->offsetGet('Illuminate\\Cont...')
#14 C:\xampp\htdocs\trip-calculator\vendor\laravel\lumen-framework\src\Console\Kernel.php(57): Laravel\Lumen\Console\Kernel->defineConsoleSchedule()
#15 [internal function]: Laravel\Lumen\Console\Kernel->__construct(Object(Laravel\Lumen\Application))
#16 C:\xampp\htdocs\trip-calculator\vendor\illuminate\container\Container.php(762): ReflectionClass->newInstanceArgs(Array)
#17 C:\xampp\htdocs\trip-calculator\vendor\illuminate\container\Container.php(608): Illuminate\Container\Container->build('Laravel\\Lumen\\C...')
#18 C:\xampp\htdocs\trip-calculator\vendor\illuminate\container\Container.php(564): Illuminate\Container\Container->resolve('Laravel\\Lumen\\C...', Array)
#19 C:\xampp\htdocs\trip-calculator\vendor\illuminate\container\Container.php(248): Illuminate\Container\Container->makeWith('Laravel\\Lumen\\C...', Array)
#20 C:\xampp\htdocs\trip-calculator\vendor\illuminate\container\Container.php(726): Illuminate\Container\Container->Illuminate\Container\{closure}(Object(Laravel\Lumen\Application), Array)
#21 C:\xampp\htdocs\trip-calculator\vendor\illuminate\container\Container.php(608): Illuminate\Container\Container->build(Object(Closure))
#22 C:\xampp\htdocs\trip-calculator\vendor\illuminate\container\Container.php(575): Illuminate\Container\Container->resolve('Illuminate\\Cont...')
#23 C:\xampp\htdocs\trip-calculator\vendor\laravel\lumen-framework\src\Application.php(208): Illuminate\Container\Container->make('Illuminate\\Cont...')
#24 C:\xampp\htdocs\trip-calculator\artisan(32): Laravel\Lumen\Application->make('Illuminate\\Cont...')
#25 {main}  
